#
# A fatal error has been detected by the Java Runtime Environment:
#
#  EXCEPTION_ACCESS_VIOLATION (0xc0000005) at pc=0x6d034f23, pid=1848, tid=3904
#
# JRE version: 7.0-b147
# Java VM: Java HotSpot(TM) Client VM (21.0-b17 mixed mode, sharing windows-x86 )
# Problematic frame:
# C  [awt.dll+0x34f23]
#
# Failed to write core dump. Minidumps are not enabled by default on client versions of Windows
#
# If you would like to submit a bug report, please visit:
#   http://bugreport.sun.com/bugreport/crash.jsp
# The crash happened outside the Java Virtual Machine in native code.
# See problematic frame for where to report the bug.
#

---------------  T H R E A D  ---------------

Current thread (0x0320d400):  JavaThread "AWT-Windows" daemon [_thread_in_native, id=3904, stack(0x00950000,0x00a50000)]

siginfo: ExceptionCode=0xc0000005, writing address 0xe255e9c0

Registers:
EAX=0x00000000, EBX=0x00000018, ECX=0x00000000, EDX=0x00000000
ESP=0x00a4f574, EBP=0x00000000, ESI=0xe255e9c0, EDI=0x2351708c
EIP=0x6d034f23, EFLAGS=0x00010246

Top of Stack: (sp=0x00a4f574)
0x00a4f574:   00a4f838 e255e9c0 00000018 00000018
0x00a4f584:   6d09eddd 00000000 000003a0 00000018
0x00a4f594:   00000018 00a4f838 00a4f5d0 00000000
0x00a4f5a4:   00000000 00000018 02d47288 00a4f770
0x00a4f5b4:   00000018 0011c080 00000000 00000000
0x00a4f5c4:   00000400 e255e9c0 00000000 00000000
0x00a4f5d4:   00000000 00000018 00000018 00000000
0x00a4f5e4:   00000000 00000004 00000400 00000000 

Instructions: (pc=0x6d034f23)
0x6d034f03:   00 0f b6 94 0a 60 c0 0f 6d c1 e5 08 25 ff 00 00
0x6d034f13:   00 0f b6 84 08 60 c0 0f 6d 0b ea c1 e5 08 0b e8
0x6d034f23:   89 2e 83 c7 04 83 c6 04 4b 75 96 03 7c 24 14 03
0x6d034f33:   74 24 18 ff 4c 24 20 75 84 5f 5e 5d 5b c3 cc cc 


Register to memory mapping:

EAX=0x00000000 is an unknown value
EBX=0x00000018 is an unknown value
ECX=0x00000000 is an unknown value
EDX=0x00000000 is an unknown value
ESP=0x00a4f574 is pointing into the stack for thread: 0x0320d400
EBP=0x00000000 is an unknown value
ESI=0xe255e9c0 is an unknown value
EDI=0x2351708c is an oop

[error occurred during error reporting (printing register info), id 0xc0000005]

Stack: [0x00950000,0x00a50000],  sp=0x00a4f574,  free space=1021k
Native frames: (J=compiled Java code, j=interpreted, Vv=VM code, C=native code)
C  [awt.dll+0x34f23]  Java_sun_java2d_loops_TransformHelper_Transform+0x25413

[error occurred during error reporting (printing native stack), id 0xc0000005]

Java frames: (J=compiled Java code, j=interpreted, Vv=VM code)
j  sun.awt.windows.WToolkit.eventLoop()V+0
j  sun.awt.windows.WToolkit.run()V+49
v  ~StubRoutines::call_stub

---------------  P R O C E S S  ---------------

Java Threads: ( => current thread )
  0x0317b800 JavaThread "Image Fetcher 0" daemon [_thread_blocked, id=408, stack(0x05110000,0x05160000)]
  0x03a93400 JavaThread "J3D-InputDeviceScheduler-4" [_thread_blocked, id=3788, stack(0x05f90000,0x05fe0000)]
  0x031e3400 JavaThread "J3D-SoundSchedulerUpdateThread-4" [_thread_blocked, id=1960, stack(0x05f40000,0x05f90000)]
  0x03a15c00 JavaThread "J3D-RenderStructureUpdateThread-4" [_thread_blocked, id=2372, stack(0x05ef0000,0x05f40000)]
  0x03b49800 JavaThread "J3D-BehaviorScheduler-4" [_thread_blocked, id=1804, stack(0x05ea0000,0x05ef0000)]
  0x03cee800 JavaThread "J3D-TransformStructureUpdateThread-4" [_thread_blocked, id=3176, stack(0x05e50000,0x05ea0000)]
  0x03cf5400 JavaThread "J3D-RenderingEnvironmentStructureUpdateThread-4" [_thread_blocked, id=3100, stack(0x05e00000,0x05e50000)]
  0x06590400 JavaThread "J3D-SoundStructureUpdateThread-4" [_thread_blocked, id=2720, stack(0x05db0000,0x05e00000)]
  0x06620400 JavaThread "J3D-GeometryStructureUpdateThread-4" [_thread_blocked, id=1372, stack(0x05d60000,0x05db0000)]
  0x03a01400 JavaThread "J3D-BehaviorStructureUpdateThread-4" [_thread_blocked, id=3272, stack(0x05b80000,0x05bd0000)]
  0x03338400 JavaThread "J3D-MasterControl-4" [_thread_blocked, id=4060, stack(0x051b0000,0x05200000)]
  0x03339400 JavaThread "J3D-NotificationThread" [_thread_blocked, id=3080, stack(0x05160000,0x051b0000)]
  0x03a20800 JavaThread "J3D-TimerThread" [_thread_blocked, id=2828, stack(0x03ec0000,0x03f10000)]
  0x03c7f800 JavaThread "J3D-RenderingAttributesStructureUpdateThread" [_thread_blocked, id=1116, stack(0x037d0000,0x03820000)]
  0x03b14c00 JavaThread "TimerQueue" daemon [_thread_blocked, id=2716, stack(0x03550000,0x035a0000)]
  0x03192c00 JavaThread "thread applet-com.vlab.fm.MouthPiece$MyApplet-4" [_thread_blocked, id=180, stack(0x03780000,0x037d0000)]
  0x03c05800 JavaThread "AWT-EventQueue-5" [_thread_in_native, id=3060, stack(0x035f0000,0x03640000)]
  0x03195800 JavaThread "AWT-Shutdown" [_thread_blocked, id=2992, stack(0x034b0000,0x03500000)]
  0x03c7e800 JavaThread "Applet 4 LiveConnect Worker Thread" [_thread_blocked, id=2564, stack(0x03500000,0x03550000)]
  0x03b59000 JavaThread "J3D-Renderer-1" [_thread_blocked, id=2332, stack(0x05290000,0x052e0000)]
  0x03310c00 JavaThread "D3D Screen Updater" daemon [_thread_blocked, id=3544, stack(0x03880000,0x038d0000)]
  0x032b2c00 JavaThread "JVM[id=1]-Heartbeat" daemon [_thread_blocked, id=3908, stack(0x03730000,0x03780000)]
  0x03275400 JavaThread "Browser Side Object Cleanup Thread" [_thread_blocked, id=2128, stack(0x036e0000,0x03730000)]
  0x03229400 JavaThread "Windows Tray Icon Thread" [_thread_in_native, id=2304, stack(0x03690000,0x036e0000)]
  0x03227000 JavaThread "CacheCleanUpThread" daemon [_thread_blocked, id=792, stack(0x03640000,0x03690000)]
  0x03225c00 JavaThread "CacheMemoryCleanUpThread" daemon [_thread_blocked, id=3192, stack(0x035a0000,0x035f0000)]
  0x03219800 JavaThread "SysExecutionTheadCreator" daemon [_thread_blocked, id=1476, stack(0x033c0000,0x03410000)]
=>0x0320d400 JavaThread "AWT-Windows" daemon [_thread_in_native, id=3904, stack(0x00950000,0x00a50000)]
  0x03208800 JavaThread "Java2D Disposer" daemon [_thread_blocked, id=2504, stack(0x03460000,0x034b0000)]
  0x03201800 JavaThread "Java Plug-In Pipe Worker Thread (Client-Side)" daemon [_thread_in_native, id=3352, stack(0x03410000,0x03460000)]
  0x031ea800 JavaThread "Timer-0" [_thread_blocked, id=3372, stack(0x03370000,0x033c0000)]
  0x02daa800 JavaThread "traceMsgQueueThread" daemon [_thread_blocked, id=1740, stack(0x030b0000,0x03100000)]
  0x02d65000 JavaThread "Service Thread" daemon [_thread_blocked, id=3400, stack(0x02ff0000,0x03040000)]
  0x02d5f000 JavaThread "C1 CompilerThread0" daemon [_thread_blocked, id=2492, stack(0x02fa0000,0x02ff0000)]
  0x02d5d400 JavaThread "Attach Listener" daemon [_thread_blocked, id=1056, stack(0x02f50000,0x02fa0000)]
  0x02d5c000 JavaThread "Signal Dispatcher" daemon [_thread_blocked, id=2012, stack(0x02f00000,0x02f50000)]
  0x02d49800 JavaThread "Finalizer" daemon [_thread_blocked, id=2212, stack(0x02eb0000,0x02f00000)]
  0x02d48000 JavaThread "Reference Handler" daemon [_thread_blocked, id=3608, stack(0x02e60000,0x02eb0000)]
  0x003c8c00 JavaThread "main" [_thread_blocked, id=3920, stack(0x00900000,0x00950000)]

Other Threads:
  0x02d46400 VMThread [stack: 0x02e10000,0x02e60000] [id=3184]
  0x02d82c00 WatcherThread [stack: 0x03040000,0x03090000] [id=3836]

VM state:not at safepoint (normal execution)

VM Mutex/Monitor currently owned by a thread: None

Heap
 def new generation   total 17280K, used 13415K [0x229f0000, 0x23ca0000, 0x27f40000)
  eden space 15424K,  74% used [0x229f0000, 0x23539f58, 0x23900000)
  from space 1856K, 100% used [0x23900000, 0x23ad0000, 0x23ad0000)
  to   space 1856K,   0% used [0x23ad0000, 0x23ad0000, 0x23ca0000)
 tenured generation   total 38156K, used 26050K [0x27f40000, 0x2a483000, 0x329f0000)
   the space 38156K,  68% used [0x27f40000, 0x298b0aa8, 0x298b0c00, 0x2a483000)
 compacting perm gen  total 12288K, used 7196K [0x329f0000, 0x335f0000, 0x369f0000)
   the space 12288K,  58% used [0x329f0000, 0x330f70d0, 0x330f7200, 0x335f0000)
    ro space 10240K,  42% used [0x369f0000, 0x36e2c660, 0x36e2c800, 0x373f0000)
    rw space 12288K,  53% used [0x373f0000, 0x37a68180, 0x37a68200, 0x37ff0000)

Code Cache  [0x00ad0000, 0x00dc8000, 0x02ad0000)
 total_blobs=1622 nmethods=1258 adapters=296 free_code_cache=29750Kb largest_free_block=30462592

Dynamic libraries:
0x00400000 - 0x0042e000 	C:\Program Files\Java\jre7\bin\java.exe
0x7c900000 - 0x7c9af000 	C:\WINDOWS\system32\ntdll.dll
0x7c800000 - 0x7c8f6000 	C:\WINDOWS\system32\kernel32.dll
0x77dd0000 - 0x77e6b000 	C:\WINDOWS\system32\ADVAPI32.dll
0x77e70000 - 0x77f02000 	C:\WINDOWS\system32\RPCRT4.dll
0x77fe0000 - 0x77ff1000 	C:\WINDOWS\system32\Secur32.dll
0x7e410000 - 0x7e4a1000 	C:\WINDOWS\system32\USER32.dll
0x77f10000 - 0x77f59000 	C:\WINDOWS\system32\GDI32.dll
0x773d0000 - 0x774d3000 	C:\WINDOWS\WinSxS\x86_Microsoft.Windows.Common-Controls_6595b64144ccf1df_6.0.2600.5512_x-ww_35d4ce83\COMCTL32.dll
0x77c10000 - 0x77c68000 	C:\WINDOWS\system32\msvcrt.dll
0x77f60000 - 0x77fd6000 	C:\WINDOWS\system32\SHLWAPI.dll
0x78aa0000 - 0x78b5e000 	C:\Program Files\Java\jre7\bin\msvcr100.dll
0x6d940000 - 0x6dc61000 	C:\Program Files\Java\jre7\bin\client\jvm.dll
0x71ad0000 - 0x71ad9000 	C:\WINDOWS\system32\WSOCK32.dll
0x71ab0000 - 0x71ac7000 	C:\WINDOWS\system32\WS2_32.dll
0x71aa0000 - 0x71aa8000 	C:\WINDOWS\system32\WS2HELP.dll
0x76b40000 - 0x76b6d000 	C:\WINDOWS\system32\WINMM.dll
0x76bf0000 - 0x76bfb000 	C:\WINDOWS\system32\PSAPI.DLL
0x6d8d0000 - 0x6d8dc000 	C:\Program Files\Java\jre7\bin\verify.dll
0x6d370000 - 0x6d390000 	C:\Program Files\Java\jre7\bin\java.dll
0x6d000000 - 0x6d142000 	C:\Program Files\Java\jre7\bin\awt.dll
0x77120000 - 0x771ab000 	C:\WINDOWS\system32\OLEAUT32.dll
0x774e0000 - 0x7761d000 	C:\WINDOWS\system32\ole32.dll
0x5ad70000 - 0x5ada8000 	C:\WINDOWS\system32\uxtheme.dll
0x6d920000 - 0x6d933000 	C:\Program Files\Java\jre7\bin\zip.dll
0x74720000 - 0x7476c000 	C:\WINDOWS\system32\MSCTF.dll
0x4fdd0000 - 0x4ff76000 	C:\WINDOWS\system32\d3d9.dll
0x02e00000 - 0x02e06000 	C:\WINDOWS\system32\d3d8thk.dll
0x77c00000 - 0x77c08000 	C:\WINDOWS\system32\VERSION.dll
0x6d450000 - 0x6d456000 	C:\Program Files\Java\jre7\bin\jp2native.dll
0x6d1b0000 - 0x6d1e3000 	C:\Program Files\Java\jre7\bin\deploy.dll
0x771b0000 - 0x7725a000 	C:\WINDOWS\system32\WININET.dll
0x77a80000 - 0x77b15000 	C:\WINDOWS\system32\CRYPT32.dll
0x77b20000 - 0x77b32000 	C:\WINDOWS\system32\MSASN1.dll
0x7e1e0000 - 0x7e282000 	C:\WINDOWS\system32\urlmon.dll
0x7c9c0000 - 0x7d7a5000 	C:\WINDOWS\system32\SHELL32.dll
0x6d660000 - 0x6d674000 	C:\Program Files\Java\jre7\bin\net.dll
0x6d680000 - 0x6d68f000 	C:\Program Files\Java\jre7\bin\nio.dll
0x68000000 - 0x68036000 	C:\WINDOWS\system32\rsaenh.dll
0x769c0000 - 0x76a74000 	C:\WINDOWS\system32\USERENV.dll
0x5b860000 - 0x5b8b5000 	C:\WINDOWS\system32\netapi32.dll
0x71a50000 - 0x71a8f000 	C:\WINDOWS\System32\mswsock.dll
0x76f20000 - 0x76f47000 	C:\WINDOWS\system32\DNSAPI.dll
0x76fb0000 - 0x76fb8000 	C:\WINDOWS\System32\winrnr.dll
0x76f60000 - 0x76f8c000 	C:\WINDOWS\system32\WLDAP32.dll
0x16080000 - 0x16099000 	C:\Program Files\Bonjour\mdnsNSP.dll
0x76d60000 - 0x76d79000 	C:\WINDOWS\system32\Iphlpapi.dll
0x76fc0000 - 0x76fc6000 	C:\WINDOWS\system32\rasadhlp.dll
0x6d2c0000 - 0x6d2ea000 	C:\Program Files\Java\jre7\bin\fontmanager.dll
0x76390000 - 0x763ad000 	C:\WINDOWS\system32\IMM32.dll
0x6d180000 - 0x6d1a4000 	C:\Program Files\Java\jre7\bin\dcpr.dll
0x10000000 - 0x1000e000 	C:\WINDOWS\j3dcore-ogl-chk.dll
0x5ed00000 - 0x5edcc000 	C:\WINDOWS\system32\OPENGL32.dll
0x68b20000 - 0x68b40000 	C:\WINDOWS\system32\GLU32.dll
0x73760000 - 0x737ab000 	C:\WINDOWS\system32\DDRAW.dll
0x73bc0000 - 0x73bc6000 	C:\WINDOWS\system32\DCIMAN32.dll
0x69500000 - 0x69a37000 	C:\WINDOWS\system32\nvoglnt.dll
0x6d3a0000 - 0x6d3a6000 	C:\Program Files\Java\jre7\bin\jawt.dll
0x050d0000 - 0x050f9000 	C:\WINDOWS\j3dcore-ogl.dll
0x6d470000 - 0x6d495000 	C:\Program Files\Java\jre7\bin\jpeg.dll
0x6d870000 - 0x6d8a1000 	C:\Program Files\Java\jre7\bin\t2k.dll
0x59a60000 - 0x59b01000 	C:\WINDOWS\system32\dbghelp.dll

VM Arguments:
jvm_args: -D__jvm_launched=30874576823 -D__applet_launched=30874543866 -Xbootclasspath/a:C:\PROGRA~1\Java\jre7\lib\deploy.jar;C:\PROGRA~1\Java\jre7\lib\javaws.jar;C:\PROGRA~1\Java\jre7\lib\plugin.jar -Djava.ext.dirs=C:\PROGRA~1\Java\jre7\lib\ext;C:\WINDOWS\Sun\Java\Deployment\lib\trusted -Dsun.awt.warmup=true 
java_command: sun.plugin2.main.client.PluginMain write_pipe_name=jpi2_pid3900_pipe2,read_pipe_name=jpi2_pid3900_pipe1
Launcher Type: SUN_STANDARD

Environment Variables:
PATH=C:\Program Files\Mozilla Firefox;C:\WINDOWS\system32;C:\WINDOWS;C:\Program Files\Java\jre6\bin;C:\WINDOWS\System32\Wbem;C:\Program Files\Java\jdk1.6.0_26\bin;C:\Program Files\QuickTime\QTSystem\;C:\Program Files\Common Files\Nero\Lib\
USERNAME=ALI SK
OS=Windows_NT
PROCESSOR_IDENTIFIER=x86 Family 15 Model 75 Stepping 2, AuthenticAMD



---------------  S Y S T E M  ---------------

OS: Windows XP Build 2600 Service Pack 3

CPU:total 2 (2 cores per cpu, 1 threads per core) family 15 model 75 stepping 2, cmov, cx8, fxsr, mmx, sse, sse2, sse3, mmxext, 3dnowpref

Memory: 4k page, physical 2062828k(1220568k free), swap 4001412k(3342372k free)

vm_info: Java HotSpot(TM) Client VM (21.0-b17) for windows-x86 JRE (1.7.0-b147), built on Jun 27 2011 02:25:52 by "java_re" with unknown MS VC++:1600

time: Sat Feb 11 18:58:33 2012
elapsed time: 60 seconds

